2024-12-22T16:08:36.411-05:00  INFO 10304 --- [dream-shops] [main] com.mycode.eshops.EShopsApplication      : Starting EShopsApplication using Java 17.0.12 with PID 10304 (D:\cwb\Project\SpringBootProject\eShops\target\classes started by PC_Chen in D:\cwb\Project\SpringBootProject\eShops)
2024-12-22T16:08:36.414-05:00  INFO 10304 --- [dream-shops] [main] com.mycode.eshops.EShopsApplication      : No active profile set, falling back to 1 default profile: "default"
2024-12-22T16:08:37.628-05:00  INFO 10304 --- [dream-shops] [main] .s.d.r.c.RepositoryConfigurationDelegate : Bootstrapping Spring Data JPA repositories in DEFAULT mode.
2024-12-22T16:08:37.775-05:00  INFO 10304 --- [dream-shops] [main] .s.d.r.c.RepositoryConfigurationDelegate : Finished Spring Data repository scanning in 131 ms. Found 8 JPA repository interfaces.
2024-12-22T16:08:38.954-05:00  INFO 10304 --- [dream-shops] [main] o.s.b.w.embedded.tomcat.TomcatWebServer  : Tomcat initialized with port 8088 (http)
2024-12-22T16:08:38.976-05:00  INFO 10304 --- [dream-shops] [main] o.apache.catalina.core.StandardService   : Starting service [Tomcat]
2024-12-22T16:08:38.977-05:00  INFO 10304 --- [dream-shops] [main] o.apache.catalina.core.StandardEngine    : Starting Servlet engine: [Apache Tomcat/10.1.26]
2024-12-22T16:08:39.119-05:00  INFO 10304 --- [dream-shops] [main] o.a.c.c.C.[Tomcat].[localhost].[/]       : Initializing Spring embedded WebApplicationContext
2024-12-22T16:08:39.120-05:00  INFO 10304 --- [dream-shops] [main] w.s.c.ServletWebServerApplicationContext : Root WebApplicationContext: initialization completed in 2641 ms
2024-12-22T16:08:39.331-05:00  INFO 10304 --- [dream-shops] [main] o.hibernate.jpa.internal.util.LogHelper  : HHH000204: Processing PersistenceUnitInfo [name: default]
2024-12-22T16:08:39.420-05:00  INFO 10304 --- [dream-shops] [main] org.hibernate.Version                    : HHH000412: Hibernate ORM core version 6.5.2.Final
2024-12-22T16:08:39.487-05:00  INFO 10304 --- [dream-shops] [main] o.h.c.internal.RegionFactoryInitiator    : HHH000026: Second-level cache disabled
2024-12-22T16:08:39.985-05:00  INFO 10304 --- [dream-shops] [main] o.s.o.j.p.SpringPersistenceUnitInfo      : No LoadTimeWeaver setup: ignoring JPA class transformer
2024-12-22T16:08:40.039-05:00  INFO 10304 --- [dream-shops] [main] com.zaxxer.hikari.HikariDataSource       : HikariPool-1 - Starting...
2024-12-22T16:08:40.267-05:00  INFO 10304 --- [dream-shops] [main] com.zaxxer.hikari.pool.HikariPool        : HikariPool-1 - Added connection com.mysql.cj.jdbc.ConnectionImpl@844e66d
2024-12-22T16:08:40.270-05:00  INFO 10304 --- [dream-shops] [main] com.zaxxer.hikari.HikariDataSource       : HikariPool-1 - Start completed.
2024-12-22T16:08:40.315-05:00  WARN 10304 --- [dream-shops] [main] org.hibernate.dialect.Dialect            : HHH000511: The 5.6.32 version for [org.hibernate.dialect.MySQLDialect] is no longer supported, hence certain features may not work properly. The minimum supported version is 8.0.0. Check the community dialects project for available legacy versions.
2024-12-22T16:08:40.320-05:00  WARN 10304 --- [dream-shops] [main] org.hibernate.orm.deprecation            : HHH90000025: MySQLDialect does not need to be specified explicitly using 'hibernate.dialect' (remove the property setting and it will be selected by default)
2024-12-22T16:08:41.788-05:00  INFO 10304 --- [dream-shops] [main] o.h.e.t.j.p.i.JtaPlatformInitiator       : HHH000489: No JTA platform available (set 'hibernate.transaction.jta.platform' to enable JTA platform integration)
2024-12-22T16:08:42.011-05:00  INFO 10304 --- [dream-shops] [main] j.LocalContainerEntityManagerFactoryBean : Initialized JPA EntityManagerFactory for persistence unit 'default'
2024-12-22T16:08:42.826-05:00  WARN 10304 --- [dream-shops] [main] JpaBaseConfiguration$JpaWebConfiguration : spring.jpa.open-in-view is enabled by default. Therefore, database queries may be performed during view rendering. Explicitly configure spring.jpa.open-in-view to disable this warning
2024-12-22T16:08:42.882-05:00  INFO 10304 --- [dream-shops] [main] eAuthenticationProviderManagerConfigurer : Global AuthenticationManager configured with AuthenticationProvider bean with name daoAuthenticationProvider
2024-12-22T16:08:42.883-05:00  WARN 10304 --- [dream-shops] [main] r$InitializeUserDetailsManagerConfigurer : Global AuthenticationManager configured with an AuthenticationProvider bean. UserDetailsService beans will not be used for username/password login. Consider removing the AuthenticationProvider bean. Alternatively, consider using the UserDetailsService in a manually instantiated DaoAuthenticationProvider.
2024-12-22T16:08:42.999-05:00  INFO 10304 --- [dream-shops] [main] o.s.b.a.w.s.WelcomePageHandlerMapping    : Adding welcome page: class path resource [static/index.html]
2024-12-22T16:08:43.125-05:00 DEBUG 10304 --- [dream-shops] [main] s.w.s.m.m.a.RequestMappingHandlerMapping : 36 mappings in 'requestMappingHandlerMapping'
2024-12-22T16:08:43.273-05:00 DEBUG 10304 --- [dream-shops] [main] o.s.w.s.handler.SimpleUrlHandlerMapping  : Patterns [/webjars/**, /**] in 'resourceHandlerMapping'
2024-12-22T16:08:43.440-05:00 DEBUG 10304 --- [dream-shops] [main] s.w.s.m.m.a.RequestMappingHandlerAdapter : ControllerAdvice beans: 0 @ModelAttribute, 0 @InitBinder, 1 RequestBodyAdvice, 1 ResponseBodyAdvice
2024-12-22T16:08:43.490-05:00 DEBUG 10304 --- [dream-shops] [main] .m.m.a.ExceptionHandlerExceptionResolver : ControllerAdvice beans: 0 @ExceptionHandler, 1 ResponseBodyAdvice
2024-12-22T16:08:43.664-05:00  INFO 10304 --- [dream-shops] [main] o.s.b.w.embedded.tomcat.TomcatWebServer  : Tomcat started on port 8088 (http) with context path '/'
2024-12-22T16:08:43.674-05:00  INFO 10304 --- [dream-shops] [main] com.mycode.eshops.EShopsApplication      : Started EShopsApplication in 7.922 seconds (process running for 8.711)
2024-12-22T16:08:47.711-05:00  INFO 10304 --- [dream-shops] [http-nio-8088-exec-2] o.a.c.c.C.[Tomcat].[localhost].[/]       : Initializing Spring DispatcherServlet 'dispatcherServlet'
2024-12-22T16:08:47.711-05:00  INFO 10304 --- [dream-shops] [http-nio-8088-exec-2] o.s.web.servlet.DispatcherServlet        : Initializing Servlet 'dispatcherServlet'
2024-12-22T16:08:47.712-05:00 DEBUG 10304 --- [dream-shops] [http-nio-8088-exec-2] o.s.web.servlet.DispatcherServlet        : Detected StandardServletMultipartResolver
2024-12-22T16:08:47.712-05:00 DEBUG 10304 --- [dream-shops] [http-nio-8088-exec-2] o.s.web.servlet.DispatcherServlet        : Detected AcceptHeaderLocaleResolver
2024-12-22T16:08:47.712-05:00 DEBUG 10304 --- [dream-shops] [http-nio-8088-exec-2] o.s.web.servlet.DispatcherServlet        : Detected FixedThemeResolver
2024-12-22T16:08:47.714-05:00 DEBUG 10304 --- [dream-shops] [http-nio-8088-exec-2] o.s.web.servlet.DispatcherServlet        : Detected org.springframework.web.servlet.view.DefaultRequestToViewNameTranslator@52e5ad71
2024-12-22T16:08:47.714-05:00 DEBUG 10304 --- [dream-shops] [http-nio-8088-exec-2] o.s.web.servlet.DispatcherServlet        : Detected org.springframework.web.servlet.support.SessionFlashMapManager@5f662dd
2024-12-22T16:08:47.715-05:00 DEBUG 10304 --- [dream-shops] [http-nio-8088-exec-2] o.s.web.servlet.DispatcherServlet        : enableLoggingRequestDetails='false': request parameters and headers will be masked to prevent unsafe logging of potentially sensitive data
2024-12-22T16:08:47.715-05:00  INFO 10304 --- [dream-shops] [http-nio-8088-exec-2] o.s.web.servlet.DispatcherServlet        : Completed initialization in 3 ms
2024-12-22T16:12:28.400-05:00  INFO 10304 --- [dream-shops] [SpringApplicationShutdownHook] j.LocalContainerEntityManagerFactoryBean : Closing JPA EntityManagerFactory for persistence unit 'default'
2024-12-22T16:12:28.402-05:00  INFO 10304 --- [dream-shops] [SpringApplicationShutdownHook] com.zaxxer.hikari.HikariDataSource       : HikariPool-1 - Shutdown initiated...
2024-12-22T16:12:28.408-05:00  INFO 10304 --- [dream-shops] [SpringApplicationShutdownHook] com.zaxxer.hikari.HikariDataSource       : HikariPool-1 - Shutdown completed.
